Performing C SOURCE FILE Test CMAKE_HAVE_LIBC_PTHREAD failed with the following output:
Change Dir: D:/GitHub/a10-912-Campean-Tudor-Alexandru-1/cmake-build-debug/CMakeFiles/CMakeTmp

Run Build Command(s):C:/PROGRA~1/MINGW-~1/X86_64~1.0-W/mingw64/bin/mingw32-make.exe cmTC_c85d6/fast && C:/PROGRA~1/MINGW-~1/X86_64~1.0-W/mingw64/bin/mingw32-make.exe  -f CMakeFiles\cmTC_c85d6.dir\build.make CMakeFiles/cmTC_c85d6.dir/build
mingw32-make.exe[1]: Entering directory 'D:/GitHub/a10-912-Campean-Tudor-Alexandru-1/cmake-build-debug/CMakeFiles/CMakeTmp'
Building C object CMakeFiles/cmTC_c85d6.dir/src.c.obj
C:\PROGRA~1\MINGW-~1\X86_64~1.0-W\mingw64\bin\gcc.exe   -DCMAKE_HAVE_LIBC_PTHREAD   -o CMakeFiles\cmTC_c85d6.dir\src.c.obj   -c D:\GitHub\a10-912-Campean-Tudor-Alexandru-1\cmake-build-debug\CMakeFiles\CMakeTmp\src.c
Linking C executable cmTC_c85d6.exe
"D:\CLion 2020.3.2\bin\cmake\win\bin\cmake.exe" -E cmake_link_script CMakeFiles\cmTC_c85d6.dir\link.txt --verbose=1
"D:\CLion 2020.3.2\bin\cmake\win\bin\cmake.exe" -E rm -f CMakeFiles\cmTC_c85d6.dir/objects.a
C:\PROGRA~1\MINGW-~1\X86_64~1.0-W\mingw64\bin\ar.exe cr CMakeFiles\cmTC_c85d6.dir/objects.a @CMakeFiles\cmTC_c85d6.dir\objects1.rsp
C:\PROGRA~1\MINGW-~1\X86_64~1.0-W\mingw64\bin\gcc.exe  -DCMAKE_HAVE_LIBC_PTHREAD    -Wl,--whole-archive CMakeFiles\cmTC_c85d6.dir/objects.a -Wl,--no-whole-archive  -o cmTC_c85d6.exe -Wl,--out-implib,libcmTC_c85d6.dll.a -Wl,--major-image-version,0,--minor-image-version,0 @CMakeFiles\cmTC_c85d6.dir\linklibs.rsp
CMakeFiles\cmTC_c85d6.dir/objects.a(src.c.obj):src.c:(.text+0x35): undefined reference to `pthread_create'
CMakeFiles\cmTC_c85d6.dir/objects.a(src.c.obj):src.c:(.text+0x41): undefined reference to `pthread_detach'
CMakeFiles\cmTC_c85d6.dir/objects.a(src.c.obj):src.c:(.text+0x4d): undefined reference to `pthread_cancel'
CMakeFiles\cmTC_c85d6.dir/objects.a(src.c.obj):src.c:(.text+0x5e): undefined reference to `pthread_join'
CMakeFiles\cmTC_c85d6.dir/objects.a(src.c.obj):src.c:(.text+0x68): undefined reference to `pthread_exit'
collect2.exe: error: ld returned 1 exit status
mingw32-make.exe[1]: *** [CMakeFiles\cmTC_c85d6.dir\build.make:108: cmTC_c85d6.exe] Error 1
mingw32-make.exe[1]: Leaving directory 'D:/GitHub/a10-912-Campean-Tudor-Alexandru-1/cmake-build-debug/CMakeFiles/CMakeTmp'
mingw32-make.exe: *** [Makefile:140: cmTC_c85d6/fast] Error 2


Source file was:
#include <pthread.h>

void* test_func(void* data)
{
  return data;
}

int main(void)
{
  pthread_t thread;
  pthread_create(&thread, NULL, test_func, NULL);
  pthread_detach(thread);
  pthread_cancel(thread);
  pthread_join(thread, NULL);
  pthread_atfork(NULL, NULL, NULL);
  pthread_exit(NULL);

  return 0;
}

